<?xml version="1.0" encoding="UTF-8"?>
<!-- Generated by org.testng.reporters.JUnitXMLReporter -->
<testsuite ignored="0" hostname="MacbookAir" failures="0" tests="3" name="Default test" time="102.733" errors="0" timestamp="2025-02-14T16:59:47 IST">
  <testcase classname="TestCases.TC_03_MyProtien_validation_repeat_BaseTest" name="TC_03_Direct_Search" time="27.199"/>
  <testcase classname="TestCases.TC_03_MyProtien_validation_repeat_BaseTest" name="TC_03_signUPIntoApplication_using_Registration" time="25.215"/>
  <testcase classname="TestCases.TC_03_MyProtien_validation_repeat_BaseTest" name="TC_03_loginIntoApplication_using_Credintails" time="22.88"/>
</testsuite> <!-- Default test -->
