<?xml version="1.0" encoding="UTF-8"?>
<!-- Generated by org.testng.reporters.JUnitXMLReporter -->
<testsuite ignored="0" hostname="MacbookAir" failures="0" tests="3" name="Default test" time="104.629" errors="0" timestamp="2025-02-07T14:25:26 IST">
  <testcase classname="TestCases.TC_01_MyProtien_Login_using_BaseTest2" name="Direct_Search" time="26.885"/>
  <testcase classname="TestCases.TC_01_MyProtien_Login_using_BaseTest2" name="signUPIntoApplication_using_Registration" time="28.969"/>
  <testcase classname="TestCases.TC_01_MyProtien_Login_using_BaseTest2" name="loginIntoApplication_using_Credintails" time="27.912"/>
</testsuite> <!-- Default test -->
