<?xml version="1.0" encoding="UTF-8"?>
<!-- Generated by org.testng.reporters.JUnitXMLReporter -->
<testsuite ignored="2" hostname="MacbookAir" failures="0" tests="6" name="Test" time="34.452" errors="0" timestamp="2025-02-13T13:58:04 IST">
  <testcase classname="org.Base.BaseTest" name="@BeforeMethod startDriver" time="0.805">
    <failure type="java.lang.RuntimeException" message="Driver initialization failed! Browser: CHROME">
      <![CDATA[java.lang.RuntimeException: Driver initialization failed! Browser: CHROME
at org.Base.BaseTest.startDriver(BaseTest.java:87)
at java.base/java.util.ArrayList.forEach(ArrayList.java:1596)
... Removed 33 stack frames]]>
    </failure>
  </testcase> <!-- @BeforeMethod startDriver -->
  <testcase classname="org.Base.BaseTest" name="@AfterMethod quitDriver" time="0.0">
    <skipped/>
  </testcase> <!-- @AfterMethod quitDriver -->
  <testcase classname="org.Base.BaseTest" name="@BeforeMethod startDriver" time="0.0">
    <skipped/>
  </testcase> <!-- @BeforeMethod startDriver -->
  <testcase classname="org.Base.BaseTest" name="@AfterMethod quitDriver" time="0.0">
    <skipped/>
  </testcase> <!-- @AfterMethod quitDriver -->
  <testcase classname="org.Base.BaseTest" name="@BeforeMethod startDriver" time="0.0">
    <skipped/>
  </testcase> <!-- @BeforeMethod startDriver -->
  <testcase classname="org.Base.BaseTest" name="@AfterMethod quitDriver" time="0.0">
    <skipped/>
  </testcase> <!-- @AfterMethod quitDriver -->
  <testcase classname="TestCases.TC_01_MyProtien_Login_using_BaseTest2" name="Direct_Search" time="6.912"/>
  <testcase classname="TestCases.TC_01_MyProtien_Login_using_BaseTest2" name="signUPIntoApplication_using_Registration" time="7.271"/>
  <testcase classname="TestCases.TC_01_MyProtien_Login_using_BaseTest2" name="loginIntoApplication_using_Credintails" time="5.498"/>
  <testcase classname="TestCases.TC_01_MyProtien_Login_using_BaseTest" name="Direct_Search" time="0.0">
    <skipped/>
  </testcase> <!-- Direct_Search -->
  <testcase classname="TestCases.TC_01_MyProtien_Login_using_BaseTest" name="signUPIntoApplication_using_Registration" time="0.0">
    <skipped/>
  </testcase> <!-- signUPIntoApplication_using_Registration -->
  <testcase classname="TestCases.TC_01_MyProtien_Login_using_BaseTest" name="loginIntoApplication_using_Credintails" time="0.0">
    <skipped/>
  </testcase> <!-- loginIntoApplication_using_Credintails -->
  <testcase classname="org.Base.BaseTest" name="@AfterSuite openHtmlReport" time="0.0">
    <ignored/>
  </testcase> <!-- @AfterSuite openHtmlReport -->
  <testcase classname="org.Base.BaseTest" name="@BeforeSuite setupSuite" time="0.0">
    <ignored/>
  </testcase> <!-- @BeforeSuite setupSuite -->
</testsuite> <!-- Test -->
