<?xml version="1.0" encoding="UTF-8"?>
<!-- Generated by org.testng.reporters.JUnitXMLReporter -->
<testsuite ignored="2" hostname="MacbookAir" failures="0" tests="6" name="FirefoxTests" time="124.927" errors="0" timestamp="2025-02-14T15:29:05 IST">
  <testcase classname="TestCases.TC_02_MyProtien_validation_BaseTest" name="TC_02_Direct_Search" time="6.955"/>
  <testcase classname="TestCases.TC_03_MyProtien_validation_repeat_BaseTest" name="TC_03_Direct_Search" time="13.293"/>
  <testcase classname="TestCases.TC_02_MyProtien_validation_BaseTest" name="TC_02_signUPIntoApplication_using_Registration" time="11.44"/>
  <testcase classname="TestCases.TC_03_MyProtien_validation_repeat_BaseTest" name="TC_03_signUPIntoApplication_using_Registration" time="12.152"/>
  <testcase classname="TestCases.TC_02_MyProtien_validation_BaseTest" name="TC_02_loginIntoApplication_using_Credintails" time="13.249"/>
  <testcase classname="TestCases.TC_03_MyProtien_validation_repeat_BaseTest" name="TC_03_loginIntoApplication_using_Credintails" time="7.959"/>
  <testcase classname="org.Base.BaseTest" name="@BeforeSuite setupSuite" time="0.0">
    <ignored/>
  </testcase> <!-- @BeforeSuite setupSuite -->
  <testcase classname="org.Base.BaseTest" name="@AfterSuite openHtmlReport" time="0.0">
    <ignored/>
  </testcase> <!-- @AfterSuite openHtmlReport -->
</testsuite> <!-- FirefoxTests -->
