<?xml version="1.0" encoding="UTF-8"?>
<testsuite xmlns:xsi="http://www.w3.org/2001/XMLSchema-instance" xsi:noNamespaceSchemaLocation="https://maven.apache.org/surefire/maven-surefire-plugin/xsd/surefire-test-report-3.0.xsd" version="3.0" name="TestSuite" time="95.462" tests="12" errors="0" skipped="0" failures="0">
  <properties>
[...]
</properties>
  <testcase name="TC_02_Direct_Search" classname="TestCases.TC_02_MyProtien_validation_BaseTest" time="13.179">
    <system-out><![CDATA[Creating new ExtentReports instance...
 INFO [main] (BaseTest.java:69)- Initialize Extent Reports successfully
Chrome DriverManager initialized.
Current thread : 38, Driver --> startDriver : ChromeDriver: chrome on mac (09c73b4f6d07b85bebb791551bcfd802)
Current thread : 39, Driver --> startDriver : ChromeDriver: chrome on mac (09c73b4f6d07b85bebb791551bcfd802)
TestCase Started: TC_03_Direct_Search
TestCase Started: TC_02_Direct_Search
 INFO [TestNG-test=ChromeTests-2] (BaseTest.java:102)- Driver initialized for test: TC_03_Direct_Search with browser: CHROME
 INFO [TestNG-test=ChromeTests-1] (BaseTest.java:102)- Driver initialized for test: TC_02_Direct_Search with browser: CHROME
 INFO [TestNG-test=ChromeTests-1] (BasePage.java:35)- Navigating to URL Successfully : https://www.myprotein.co.in/
 INFO [TestNG-test=ChromeTests-1] (TC_02_MyProtien_validation_BaseTest.java:50)- Direct_Search. 
 INFO [TestNG-test=ChromeTests-2] (BasePage.java:35)- Navigating to URL Successfully : https://www.myprotein.co.in/
 INFO [TestNG-test=ChromeTests-2] (TC_03_MyProtien_validation_repeat_BaseTest.java:50)- Direct_Search. 
]]></system-out>
    <system-err><![CDATA[log4j:WARN File option not set for appender [R].
log4j:WARN Are you using FileAppender instead of ConsoleAppender?
log4j:ERROR No output stream or file set for the appender named [R].
[TestNG-test=ChromeTests-2] INFO io.github.bonigarcia.wdm.WebDriverManager - Using chromedriver 133.0.6943.98 (resolved driver for Chrome 133)
[TestNG-test=ChromeTests-1] INFO io.github.bonigarcia.wdm.WebDriverManager - Using chromedriver 133.0.6943.98 (resolved driver for Chrome 133)
[TestNG-test=ChromeTests-2] INFO io.github.bonigarcia.wdm.WebDriverManager - Exporting webdriver.chrome.driver as Drivers/chromedriver/mac-arm64/133.0.6943.98/chromedriver
[TestNG-test=ChromeTests-1] INFO io.github.bonigarcia.wdm.WebDriverManager - Exporting webdriver.chrome.driver as Drivers/chromedriver/mac-arm64/133.0.6943.98/chromedriver
Feb 14, 2025 4:48:17 PM org.openqa.selenium.devtools.CdpVersionFinder findNearestMatch
WARNING: Unable to find CDP implementation matching 133
Feb 14, 2025 4:48:17 PM org.openqa.selenium.devtools.CdpVersionFinder findNearestMatch
WARNING: Unable to find CDP implementation matching 133
Feb 14, 2025 4:48:17 PM org.openqa.selenium.chromium.ChromiumDriver lambda$new$5
WARNING: Unable to find version of CDP to use for 133.0.6943.55. You may need to include a dependency on a specific version of the CDP using something similar to `org.seleniumhq.selenium:selenium-devtools-v86:4.20.0` where the version ("v86") matches the version of the chromium-based browser you're using and the version number of the artifact is the same as Selenium's.
Feb 14, 2025 4:48:17 PM org.openqa.selenium.chromium.ChromiumDriver lambda$new$5
WARNING: Unable to find version of CDP to use for 133.0.6943.55. You may need to include a dependency on a specific version of the CDP using something similar to `org.seleniumhq.selenium:selenium-devtools-v86:4.20.0` where the version ("v86") matches the version of the chromium-based browser you're using and the version number of the artifact is the same as Selenium's.
]]></system-err>
  </testcase>
  <testcase name="TC_02_Direct_Search" classname="TestCases.TC_02_MyProtien_validation_BaseTest" time="10.349">
    <system-out><![CDATA[Current thread  : 38 : , Driver --> QuitDriver: ChromeDriver: chrome on mac (7f096a2b4852f01c68f2cc55573db06d), Date & Time : 2025-Feb-14_16-48-15
 INFO [TestNG-test=ChromeTests-1] (BaseTest.java:136)- Driver quit successfully for TestCase Name: TC_03_loginIntoApplication_using_Credintails
Firefox DriverManager initialized.
Current thread : 126, Driver --> startDriver : FirefoxDriver: firefox on mac (9d3bd3e7-f03f-4a15-864c-f1019f4a1dfc)
TestCase Started: TC_03_Direct_Search
 INFO [TestNG-test=FirefoxTests-2] (BaseTest.java:102)- Driver initialized for test: TC_03_Direct_Search with browser: FIREFOX
Current thread : 125, Driver --> startDriver : FirefoxDriver: firefox on mac (9d3bd3e7-f03f-4a15-864c-f1019f4a1dfc)
TestCase Started: TC_02_Direct_Search
 INFO [TestNG-test=FirefoxTests-1] (BaseTest.java:102)- Driver initialized for test: TC_02_Direct_Search with browser: FIREFOX
 INFO [TestNG-test=FirefoxTests-2] (BasePage.java:35)- Navigating to URL Successfully : https://www.myprotein.co.in/
 INFO [TestNG-test=FirefoxTests-2] (TC_03_MyProtien_validation_repeat_BaseTest.java:50)- Direct_Search. 
 INFO [TestNG-test=FirefoxTests-1] (BasePage.java:35)- Navigating to URL Successfully : https://www.myprotein.co.in/
 INFO [TestNG-test=FirefoxTests-1] (TC_02_MyProtien_validation_BaseTest.java:50)- Direct_Search. 
]]></system-out>
    <system-err><![CDATA[[TestNG-test=FirefoxTests-2] INFO io.github.bonigarcia.wdm.WebDriverManager - Using geckodriver 0.35.0 (resolved driver for Firefox 135)
[TestNG-test=FirefoxTests-1] INFO io.github.bonigarcia.wdm.WebDriverManager - Using geckodriver 0.35.0 (resolved driver for Firefox 135)
[TestNG-test=FirefoxTests-1] INFO io.github.bonigarcia.wdm.WebDriverManager - Exporting webdriver.gecko.driver as Drivers/geckodriver/mac-arm64/0.35.0/geckodriver
[TestNG-test=FirefoxTests-2] INFO io.github.bonigarcia.wdm.WebDriverManager - Exporting webdriver.gecko.driver as Drivers/geckodriver/mac-arm64/0.35.0/geckodriver
]]></system-err>
  </testcase>
  <testcase name="TC_02_signUPIntoApplication_using_Registration" classname="TestCases.TC_02_MyProtien_validation_BaseTest" time="8.789"/>
  <testcase name="TC_02_signUPIntoApplication_using_Registration" classname="TestCases.TC_02_MyProtien_validation_BaseTest" time="16.736">
    <system-out><![CDATA[Current thread  : 126 : , Driver --> QuitDriver: FirefoxDriver: firefox on mac (7e59b4f5-9ca2-4091-8ee5-1f281b7596bc), Date & Time : 2025-Feb-14_16-48-15
 INFO [TestNG-test=FirefoxTests-2] (BaseTest.java:136)- Driver quit successfully for TestCase Name: TC_03_signUPIntoApplication_using_Registration
 INFO [TestNG-test=FirefoxTests-1] (BasePage.java:35)- Navigating to URL Successfully : https://www.myprotein.co.in/
 INFO [TestNG-test=FirefoxTests-1] (TC_02_MyProtien_validation_BaseTest.java:42)- signUPIntoApplication_using_Registration.
]]></system-out>
    <system-err><![CDATA[[TestNG-test=FirefoxTests-2] INFO io.github.bonigarcia.wdm.WebDriverManager - Using geckodriver 0.35.0 (resolved driver for Firefox 135)
[TestNG-test=FirefoxTests-2] INFO io.github.bonigarcia.wdm.WebDriverManager - Exporting webdriver.gecko.driver as Drivers/geckodriver/mac-arm64/0.35.0/geckodriver
]]></system-err>
  </testcase>
  <testcase name="TC_02_loginIntoApplication_using_Credintails" classname="TestCases.TC_02_MyProtien_validation_BaseTest" time="15.476">
    <system-out><![CDATA[Current thread  : 39 : , Driver --> QuitDriver: ChromeDriver: chrome on mac (c2760f1c5e8be3bc67b29f248f19b524), Date & Time : 2025-Feb-14_16-48-15
Current thread  : 38 : , Driver --> QuitDriver: ChromeDriver: chrome on mac (c2760f1c5e8be3bc67b29f248f19b524), Date & Time : 2025-Feb-14_16-48-15
ERROR [TestNG-test=ChromeTests-2] (BaseTest.java:138)- Error while quitting the driver
org.openqa.selenium.WebDriverException: java.io.IOException: Output closed
Build info: version: '4.20.0', revision: '866c76ca80'
System info: os.name: 'Mac OS X', os.arch: 'aarch64', os.version: '15.3', java.version: '21.0.5'
Driver info: driver.version: ChromiumDriver
	at org.openqa.selenium.remote.http.jdk.JdkHttpClient$4.send(JdkHttpClient.java:298)
	at org.openqa.selenium.remote.http.jdk.JdkHttpClient$4.close(JdkHttpClient.java:317)
	at org.openqa.selenium.devtools.Connection.close(Connection.java:224)
	at org.openqa.selenium.devtools.DevTools.close(DevTools.java:60)
	at java.base/java.util.Optional.ifPresent(Optional.java:178)
	at org.openqa.selenium.remote.RemoteWebDriver.quit(RemoteWebDriver.java:426)
	at org.openqa.selenium.chromium.ChromiumDriver.quit(ChromiumDriver.java:432)
	at org.Base.BaseTest.quitDriver(BaseTest.java:135)
	at java.base/jdk.internal.reflect.DirectMethodHandleAccessor.invoke(DirectMethodHandleAccessor.java:103)
	at java.base/java.lang.reflect.Method.invoke(Method.java:580)
	at org.testng.internal.invokers.MethodInvocationHelper.invokeMethod(MethodInvocationHelper.java:139)
	at org.testng.internal.invokers.MethodInvocationHelper.invokeMethodConsideringTimeout(MethodInvocationHelper.java:69)
	at org.testng.internal.invokers.ConfigInvoker.invokeConfigurationMethod(ConfigInvoker.java:361)
	at org.testng.internal.invokers.ConfigInvoker.invokeConfigurations(ConfigInvoker.java:296)
	at org.testng.internal.invokers.TestInvoker.runConfigMethods(TestInvoker.java:823)
	at org.testng.internal.invokers.TestInvoker.runAfterConfigurations(TestInvoker.java:792)
	at org.testng.internal.invokers.TestInvoker.invokeMethod(TestInvoker.java:768)
	at org.testng.internal.invokers.TestInvoker.invokeTestMethod(TestInvoker.java:221)
	at org.testng.internal.invokers.MethodRunner.runInSequence(MethodRunner.java:50)
	at org.testng.internal.invokers.TestInvoker$MethodInvocationAgent.invoke(TestInvoker.java:969)
	at org.testng.internal.invokers.TestInvoker.invokeTestMethods(TestInvoker.java:194)
	at org.testng.internal.invokers.TestMethodWorker.invokeTestMethods(TestMethodWorker.java:148)
	at org.testng.internal.invokers.TestMethodWorker.run(TestMethodWorker.java:128)
	at java.base/java.util.concurrent.ThreadPoolExecutor.runWorker(ThreadPoolExecutor.java:1144)
	at java.base/java.util.concurrent.ThreadPoolExecutor$Worker.run(ThreadPoolExecutor.java:642)
	at java.base/java.lang.Thread.run(Thread.java:1583)
Caused by: java.io.IOException: Output closed
	at java.net.http/jdk.internal.net.http.websocket.WebSocketImpl.sendClose(WebSocketImpl.java:313)
	at org.openqa.selenium.remote.http.jdk.JdkHttpClient$4.lambda$send$2(JdkHttpClient.java:277)
	at org.openqa.selenium.remote.http.jdk.JdkHttpClient$4.send(JdkHttpClient.java:288)
	... 25 more
 INFO [TestNG-test=ChromeTests-1] (BaseTest.java:136)- Driver quit successfully for TestCase Name: TC_03_signUPIntoApplication_using_Registration
Current thread : 38, Driver --> startDriver : ChromeDriver: chrome on mac (7f096a2b4852f01c68f2cc55573db06d)
TestCase Started: TC_03_loginIntoApplication_using_Credintails
 INFO [TestNG-test=ChromeTests-1] (BaseTest.java:102)- Driver initialized for test: TC_03_loginIntoApplication_using_Credintails with browser: CHROME
Current thread : 39, Driver --> startDriver : ChromeDriver: chrome on mac (879eec779ac9a92453aeff59f7d6ed11)
TestCase Started: TC_02_loginIntoApplication_using_Credintails
 INFO [TestNG-test=ChromeTests-2] (BaseTest.java:102)- Driver initialized for test: TC_02_loginIntoApplication_using_Credintails with browser: CHROME
 INFO [TestNG-test=ChromeTests-2] (BasePage.java:35)- Navigating to URL Successfully : https://www.myprotein.co.in/
 INFO [TestNG-test=ChromeTests-2] (TC_02_MyProtien_validation_BaseTest.java:33)- loginIntoApplication_using_Credintails 
]]></system-out>
    <system-err><![CDATA[[TestNG-test=ChromeTests-2] INFO io.github.bonigarcia.wdm.WebDriverManager - Using chromedriver 133.0.6943.98 (resolved driver for Chrome 133)
[TestNG-test=ChromeTests-2] INFO io.github.bonigarcia.wdm.WebDriverManager - Exporting webdriver.chrome.driver as Drivers/chromedriver/mac-arm64/133.0.6943.98/chromedriver
[TestNG-test=ChromeTests-1] INFO io.github.bonigarcia.wdm.WebDriverManager - Using chromedriver 133.0.6943.98 (resolved driver for Chrome 133)
[TestNG-test=ChromeTests-1] INFO io.github.bonigarcia.wdm.WebDriverManager - Exporting webdriver.chrome.driver as Drivers/chromedriver/mac-arm64/133.0.6943.98/chromedriver
Feb 14, 2025 4:48:42 PM org.openqa.selenium.devtools.CdpVersionFinder findNearestMatch
WARNING: Unable to find CDP implementation matching 133
Feb 14, 2025 4:48:42 PM org.openqa.selenium.chromium.ChromiumDriver lambda$new$5
WARNING: Unable to find version of CDP to use for 133.0.6943.55. You may need to include a dependency on a specific version of the CDP using something similar to `org.seleniumhq.selenium:selenium-devtools-v86:4.20.0` where the version ("v86") matches the version of the chromium-based browser you're using and the version number of the artifact is the same as Selenium's.
Feb 14, 2025 4:48:43 PM org.openqa.selenium.devtools.CdpVersionFinder findNearestMatch
WARNING: Unable to find CDP implementation matching 133
Feb 14, 2025 4:48:43 PM org.openqa.selenium.chromium.ChromiumDriver lambda$new$5
WARNING: Unable to find version of CDP to use for 133.0.6943.55. You may need to include a dependency on a specific version of the CDP using something similar to `org.seleniumhq.selenium:selenium-devtools-v86:4.20.0` where the version ("v86") matches the version of the chromium-based browser you're using and the version number of the artifact is the same as Selenium's.
]]></system-err>
  </testcase>
  <testcase name="TC_02_loginIntoApplication_using_Credintails" classname="TestCases.TC_02_MyProtien_validation_BaseTest" time="11.102">
    <system-out><![CDATA[Current thread  : 125 : , Driver --> QuitDriver: FirefoxDriver: firefox on mac (536a5fe2-11e7-4495-af2b-96a1b19386de), Date & Time : 2025-Feb-14_16-48-15
Current thread : 126, Driver --> startDriver : FirefoxDriver: firefox on mac (44a5c8d1-b888-4bbc-a69f-908cb73f39b0)
TestCase Started: TC_02_loginIntoApplication_using_Credintails
 INFO [TestNG-test=FirefoxTests-2] (BaseTest.java:102)- Driver initialized for test: TC_02_loginIntoApplication_using_Credintails with browser: FIREFOX
 INFO [TestNG-test=FirefoxTests-1] (BaseTest.java:136)- Driver quit successfully for TestCase Name: TC_02_signUPIntoApplication_using_Registration
Current thread : 125, Driver --> startDriver : FirefoxDriver: firefox on mac (65ce7e05-1843-414b-8763-710dae7792ca)
TestCase Started: TC_03_loginIntoApplication_using_Credintails
 INFO [TestNG-test=FirefoxTests-1] (BaseTest.java:102)- Driver initialized for test: TC_03_loginIntoApplication_using_Credintails with browser: FIREFOX
 INFO [TestNG-test=FirefoxTests-2] (BasePage.java:35)- Navigating to URL Successfully : https://www.myprotein.co.in/
 INFO [TestNG-test=FirefoxTests-2] (TC_02_MyProtien_validation_BaseTest.java:33)- loginIntoApplication_using_Credintails 
]]></system-out>
    <system-err><![CDATA[[TestNG-test=FirefoxTests-1] INFO io.github.bonigarcia.wdm.WebDriverManager - Using geckodriver 0.35.0 (resolved driver for Firefox 135)
[TestNG-test=FirefoxTests-1] INFO io.github.bonigarcia.wdm.WebDriverManager - Exporting webdriver.gecko.driver as Drivers/geckodriver/mac-arm64/0.35.0/geckodriver
]]></system-err>
  </testcase>
  <testcase name="TC_03_Direct_Search" classname="TestCases.TC_03_MyProtien_validation_repeat_BaseTest" time="13.181"/>
  <testcase name="TC_03_Direct_Search" classname="TestCases.TC_03_MyProtien_validation_repeat_BaseTest" time="10.35"/>
  <testcase name="TC_03_signUPIntoApplication_using_Registration" classname="TestCases.TC_03_MyProtien_validation_repeat_BaseTest" time="8.781">
    <system-out><![CDATA[Current thread  : 39 : , Driver --> QuitDriver: ChromeDriver: chrome on mac (09c73b4f6d07b85bebb791551bcfd802), Date & Time : 2025-Feb-14_16-48-15
Current thread  : 38 : , Driver --> QuitDriver: ChromeDriver: chrome on mac (09c73b4f6d07b85bebb791551bcfd802), Date & Time : 2025-Feb-14_16-48-15
ERROR [TestNG-test=ChromeTests-1] (BaseTest.java:138)- Error while quitting the driver
org.openqa.selenium.WebDriverException: java.io.IOException: Output closed
Build info: version: '4.20.0', revision: '866c76ca80'
System info: os.name: 'Mac OS X', os.arch: 'aarch64', os.version: '15.3', java.version: '21.0.5'
Driver info: driver.version: ChromiumDriver
	at org.openqa.selenium.remote.http.jdk.JdkHttpClient$4.send(JdkHttpClient.java:298)
	at org.openqa.selenium.remote.http.jdk.JdkHttpClient$4.close(JdkHttpClient.java:317)
	at org.openqa.selenium.devtools.Connection.close(Connection.java:224)
	at org.openqa.selenium.devtools.DevTools.close(DevTools.java:60)
	at java.base/java.util.Optional.ifPresent(Optional.java:178)
	at org.openqa.selenium.remote.RemoteWebDriver.quit(RemoteWebDriver.java:426)
	at org.openqa.selenium.chromium.ChromiumDriver.quit(ChromiumDriver.java:432)
	at org.Base.BaseTest.quitDriver(BaseTest.java:135)
	at java.base/jdk.internal.reflect.DirectMethodHandleAccessor.invoke(DirectMethodHandleAccessor.java:103)
	at java.base/java.lang.reflect.Method.invoke(Method.java:580)
	at org.testng.internal.invokers.MethodInvocationHelper.invokeMethod(MethodInvocationHelper.java:139)
	at org.testng.internal.invokers.MethodInvocationHelper.invokeMethodConsideringTimeout(MethodInvocationHelper.java:69)
	at org.testng.internal.invokers.ConfigInvoker.invokeConfigurationMethod(ConfigInvoker.java:361)
	at org.testng.internal.invokers.ConfigInvoker.invokeConfigurations(ConfigInvoker.java:296)
	at org.testng.internal.invokers.TestInvoker.runConfigMethods(TestInvoker.java:823)
	at org.testng.internal.invokers.TestInvoker.runAfterConfigurations(TestInvoker.java:792)
	at org.testng.internal.invokers.TestInvoker.invokeMethod(TestInvoker.java:768)
	at org.testng.internal.invokers.TestInvoker.invokeTestMethod(TestInvoker.java:221)
	at org.testng.internal.invokers.MethodRunner.runInSequence(MethodRunner.java:50)
	at org.testng.internal.invokers.TestInvoker$MethodInvocationAgent.invoke(TestInvoker.java:969)
	at org.testng.internal.invokers.TestInvoker.invokeTestMethods(TestInvoker.java:194)
	at org.testng.internal.invokers.TestMethodWorker.invokeTestMethods(TestMethodWorker.java:148)
	at org.testng.internal.invokers.TestMethodWorker.run(TestMethodWorker.java:128)
	at java.base/java.util.concurrent.ThreadPoolExecutor.runWorker(ThreadPoolExecutor.java:1144)
	at java.base/java.util.concurrent.ThreadPoolExecutor$Worker.run(ThreadPoolExecutor.java:642)
	at java.base/java.lang.Thread.run(Thread.java:1583)
Caused by: java.io.IOException: Output closed
	at java.net.http/jdk.internal.net.http.websocket.WebSocketImpl.sendClose(WebSocketImpl.java:313)
	at org.openqa.selenium.remote.http.jdk.JdkHttpClient$4.lambda$send$2(JdkHttpClient.java:277)
	at org.openqa.selenium.remote.http.jdk.JdkHttpClient$4.send(JdkHttpClient.java:288)
	... 25 more
ERROR [TestNG-test=ChromeTests-2] (BaseTest.java:138)- Error while quitting the driver
java.lang.NullPointerException: Cannot invoke "java.lang.Integer.intValue()" because the return value of "org.openqa.selenium.remote.Response.getStatus()" is null
	at org.openqa.selenium.remote.ErrorHandler.throwIfResponseFailed(ErrorHandler.java:99)
	at org.openqa.selenium.remote.RemoteWebDriver.execute(RemoteWebDriver.java:571)
	at org.openqa.selenium.remote.RemoteWebDriver.execute(RemoteWebDriver.java:591)
	at org.openqa.selenium.remote.RemoteWebDriver.execute(RemoteWebDriver.java:595)
	at org.openqa.selenium.remote.RemoteWebDriver.quit(RemoteWebDriver.java:433)
	at org.openqa.selenium.chromium.ChromiumDriver.quit(ChromiumDriver.java:432)
	at org.Base.BaseTest.quitDriver(BaseTest.java:135)
	at java.base/jdk.internal.reflect.DirectMethodHandleAccessor.invoke(DirectMethodHandleAccessor.java:103)
	at java.base/java.lang.reflect.Method.invoke(Method.java:580)
	at org.testng.internal.invokers.MethodInvocationHelper.invokeMethod(MethodInvocationHelper.java:139)
	at org.testng.internal.invokers.MethodInvocationHelper.invokeMethodConsideringTimeout(MethodInvocationHelper.java:69)
	at org.testng.internal.invokers.ConfigInvoker.invokeConfigurationMethod(ConfigInvoker.java:361)
	at org.testng.internal.invokers.ConfigInvoker.invokeConfigurations(ConfigInvoker.java:296)
	at org.testng.internal.invokers.TestInvoker.runConfigMethods(TestInvoker.java:823)
	at org.testng.internal.invokers.TestInvoker.runAfterConfigurations(TestInvoker.java:792)
	at org.testng.internal.invokers.TestInvoker.invokeMethod(TestInvoker.java:768)
	at org.testng.internal.invokers.TestInvoker.invokeTestMethod(TestInvoker.java:221)
	at org.testng.internal.invokers.MethodRunner.runInSequence(MethodRunner.java:50)
	at org.testng.internal.invokers.TestInvoker$MethodInvocationAgent.invoke(TestInvoker.java:969)
	at org.testng.internal.invokers.TestInvoker.invokeTestMethods(TestInvoker.java:194)
	at org.testng.internal.invokers.TestMethodWorker.invokeTestMethods(TestMethodWorker.java:148)
	at org.testng.internal.invokers.TestMethodWorker.run(TestMethodWorker.java:128)
	at java.base/java.util.concurrent.ThreadPoolExecutor.runWorker(ThreadPoolExecutor.java:1144)
	at java.base/java.util.concurrent.ThreadPoolExecutor$Worker.run(ThreadPoolExecutor.java:642)
	at java.base/java.lang.Thread.run(Thread.java:1583)
Current thread : 39, Driver --> startDriver : ChromeDriver: chrome on mac (c2760f1c5e8be3bc67b29f248f19b524)
TestCase Started: TC_02_signUPIntoApplication_using_Registration
 INFO [TestNG-test=ChromeTests-2] (BaseTest.java:102)- Driver initialized for test: TC_02_signUPIntoApplication_using_Registration with browser: CHROME
Current thread : 38, Driver --> startDriver : ChromeDriver: chrome on mac (c2760f1c5e8be3bc67b29f248f19b524)
TestCase Started: TC_03_signUPIntoApplication_using_Registration
 INFO [TestNG-test=ChromeTests-1] (BaseTest.java:102)- Driver initialized for test: TC_03_signUPIntoApplication_using_Registration with browser: CHROME
 INFO [TestNG-test=ChromeTests-2] (BasePage.java:35)- Navigating to URL Successfully : https://www.myprotein.co.in/
 INFO [TestNG-test=ChromeTests-2] (TC_02_MyProtien_validation_BaseTest.java:42)- signUPIntoApplication_using_Registration.
 INFO [TestNG-test=ChromeTests-1] (BasePage.java:35)- Navigating to URL Successfully : https://www.myprotein.co.in/
 INFO [TestNG-test=ChromeTests-1] (TC_03_MyProtien_validation_repeat_BaseTest.java:42)- signUPIntoApplication_using_Registration.
]]></system-out>
    <system-err><![CDATA[[TestNG-test=ChromeTests-1] INFO io.github.bonigarcia.wdm.WebDriverManager - Using chromedriver 133.0.6943.98 (resolved driver for Chrome 133)
[TestNG-test=ChromeTests-2] INFO io.github.bonigarcia.wdm.WebDriverManager - Using chromedriver 133.0.6943.98 (resolved driver for Chrome 133)
[TestNG-test=ChromeTests-1] INFO io.github.bonigarcia.wdm.WebDriverManager - Exporting webdriver.chrome.driver as Drivers/chromedriver/mac-arm64/133.0.6943.98/chromedriver
[TestNG-test=ChromeTests-2] INFO io.github.bonigarcia.wdm.WebDriverManager - Exporting webdriver.chrome.driver as Drivers/chromedriver/mac-arm64/133.0.6943.98/chromedriver
Feb 14, 2025 4:48:32 PM org.openqa.selenium.devtools.CdpVersionFinder findNearestMatch
WARNING: Unable to find CDP implementation matching 133
Feb 14, 2025 4:48:32 PM org.openqa.selenium.chromium.ChromiumDriver lambda$new$5
WARNING: Unable to find version of CDP to use for 133.0.6943.55. You may need to include a dependency on a specific version of the CDP using something similar to `org.seleniumhq.selenium:selenium-devtools-v86:4.20.0` where the version ("v86") matches the version of the chromium-based browser you're using and the version number of the artifact is the same as Selenium's.
Feb 14, 2025 4:48:32 PM org.openqa.selenium.devtools.CdpVersionFinder findNearestMatch
WARNING: Unable to find CDP implementation matching 133
Feb 14, 2025 4:48:32 PM org.openqa.selenium.chromium.ChromiumDriver lambda$new$5
WARNING: Unable to find version of CDP to use for 133.0.6943.55. You may need to include a dependency on a specific version of the CDP using something similar to `org.seleniumhq.selenium:selenium-devtools-v86:4.20.0` where the version ("v86") matches the version of the chromium-based browser you're using and the version number of the artifact is the same as Selenium's.
]]></system-err>
  </testcase>
  <testcase name="TC_03_signUPIntoApplication_using_Registration" classname="TestCases.TC_03_MyProtien_validation_repeat_BaseTest" time="13.569">
    <system-out><![CDATA[Current thread  : 125 : , Driver --> QuitDriver: FirefoxDriver: firefox on mac (9d3bd3e7-f03f-4a15-864c-f1019f4a1dfc), Date & Time : 2025-Feb-14_16-48-15
Current thread  : 126 : , Driver --> QuitDriver: FirefoxDriver: firefox on mac (9d3bd3e7-f03f-4a15-864c-f1019f4a1dfc), Date & Time : 2025-Feb-14_16-48-15
 INFO [TestNG-test=FirefoxTests-1] (BaseTest.java:136)- Driver quit successfully for TestCase Name: TC_02_Direct_Search
 INFO [TestNG-test=FirefoxTests-2] (BaseTest.java:136)- Driver quit successfully for TestCase Name: TC_03_Direct_Search
Current thread : 125, Driver --> startDriver : FirefoxDriver: firefox on mac (536a5fe2-11e7-4495-af2b-96a1b19386de)
TestCase Started: TC_02_signUPIntoApplication_using_Registration
 INFO [TestNG-test=FirefoxTests-1] (BaseTest.java:102)- Driver initialized for test: TC_02_signUPIntoApplication_using_Registration with browser: FIREFOX
Current thread : 126, Driver --> startDriver : FirefoxDriver: firefox on mac (7e59b4f5-9ca2-4091-8ee5-1f281b7596bc)
TestCase Started: TC_03_signUPIntoApplication_using_Registration
 INFO [TestNG-test=FirefoxTests-2] (BaseTest.java:102)- Driver initialized for test: TC_03_signUPIntoApplication_using_Registration with browser: FIREFOX
 INFO [TestNG-test=FirefoxTests-2] (BasePage.java:35)- Navigating to URL Successfully : https://www.myprotein.co.in/
 INFO [TestNG-test=FirefoxTests-2] (TC_03_MyProtien_validation_repeat_BaseTest.java:42)- signUPIntoApplication_using_Registration.
]]></system-out>
    <system-err><![CDATA[[TestNG-test=FirefoxTests-2] INFO io.github.bonigarcia.wdm.WebDriverManager - Using geckodriver 0.35.0 (resolved driver for Firefox 135)
[TestNG-test=FirefoxTests-1] INFO io.github.bonigarcia.wdm.WebDriverManager - Using geckodriver 0.35.0 (resolved driver for Firefox 135)
[TestNG-test=FirefoxTests-2] INFO io.github.bonigarcia.wdm.WebDriverManager - Exporting webdriver.gecko.driver as Drivers/geckodriver/mac-arm64/0.35.0/geckodriver
[TestNG-test=FirefoxTests-1] INFO io.github.bonigarcia.wdm.WebDriverManager - Exporting webdriver.gecko.driver as Drivers/geckodriver/mac-arm64/0.35.0/geckodriver
]]></system-err>
  </testcase>
  <testcase name="TC_03_loginIntoApplication_using_Credintails" classname="TestCases.TC_03_MyProtien_validation_repeat_BaseTest" time="15.879">
    <system-out><![CDATA[Current thread  : 39 : , Driver --> QuitDriver: ChromeDriver: chrome on mac (879eec779ac9a92453aeff59f7d6ed11), Date & Time : 2025-Feb-14_16-48-15
 INFO [TestNG-test=ChromeTests-2] (BaseTest.java:136)- Driver quit successfully for TestCase Name: TC_02_loginIntoApplication_using_Credintails
 INFO [TestNG-test=ChromeTests-1] (BasePage.java:35)- Navigating to URL Successfully : https://www.myprotein.co.in/
 INFO [TestNG-test=ChromeTests-1] (TC_03_MyProtien_validation_repeat_BaseTest.java:33)- loginIntoApplication_using_Credintails 
]]></system-out>
  </testcase>
  <testcase name="TC_03_loginIntoApplication_using_Credintails" classname="TestCases.TC_03_MyProtien_validation_repeat_BaseTest" time="14.482">
    <system-out><![CDATA[Current thread  : 126 : , Driver --> QuitDriver: FirefoxDriver: firefox on mac (44a5c8d1-b888-4bbc-a69f-908cb73f39b0), Date & Time : 2025-Feb-14_16-48-15
 INFO [TestNG-test=FirefoxTests-2] (BaseTest.java:136)- Driver quit successfully for TestCase Name: TC_02_loginIntoApplication_using_Credintails
 INFO [TestNG-test=FirefoxTests-1] (BasePage.java:35)- Navigating to URL Successfully : https://www.myprotein.co.in/
 INFO [TestNG-test=FirefoxTests-1] (TC_03_MyProtien_validation_repeat_BaseTest.java:33)- loginIntoApplication_using_Credintails 
]]></system-out>
  </testcase>
</testsuite>