<?xml version="1.0" encoding="UTF-8"?>
<testsuite xmlns:xsi="http://www.w3.org/2001/XMLSchema-instance" xsi:noNamespaceSchemaLocation="https://maven.apache.org/surefire/maven-surefire-plugin/xsd/surefire-test-report-3.0.xsd" version="3.0" name="TestSuite" time="35.545" tests="12" errors="0" skipped="8" failures="1">
  <properties>
[...]
</properties>
  <testcase name="Direct_Search" classname="TestCases.TC_01_MyProtien_Login_using_BaseTest2" time="6.939">
    <system-out><![CDATA[ INFO [main] (BaseTest.java:60)- Initialize Extent Reports successfully
Chrome DriverManager initialized.
Current thread : 1, Driver --> startDriver : ChromeDriver: chrome on mac (1e3c80952894aa666a36d825c1269182)
TestCase Started: Direct_Search
 INFO [main] (BaseTest.java:84)- Driver initialized for test: Direct_Search
 INFO [main] (BasePage.java:35)- Navigating to URL Successfully : https://www.myprotein.co.in/
 INFO [main] (TC_01_MyProtien_Login_using_BaseTest2.java:50)- Direct_Search. 
]]></system-out>
    <system-err><![CDATA[log4j:WARN File option not set for appender [R].
log4j:WARN Are you using FileAppender instead of ConsoleAppender?
log4j:ERROR No output stream or file set for the appender named [R].
[main] INFO io.github.bonigarcia.wdm.WebDriverManager - Using chromedriver 133.0.6943.98 (resolved driver for Chrome 133)
[main] INFO io.github.bonigarcia.wdm.online.Downloader - Downloading https://storage.googleapis.com/chrome-for-testing-public/133.0.6943.98/mac-arm64/chromedriver-mac-arm64.zip
[main] INFO io.github.bonigarcia.wdm.online.Downloader - Extracting driver from compressed file chromedriver-mac-arm64.zip
[main] INFO io.github.bonigarcia.wdm.WebDriverManager - Exporting webdriver.chrome.driver as /Users/deepaksaini/eclipse-workspace/2025_Selenium_Framework/Drivers/chromedriver/mac-arm64/133.0.6943.98/chromedriver
Feb 13, 2025 1:57:41 PM org.openqa.selenium.devtools.CdpVersionFinder findNearestMatch
WARNING: Unable to find CDP implementation matching 133
Feb 13, 2025 1:57:41 PM org.openqa.selenium.chromium.ChromiumDriver lambda$new$5
WARNING: Unable to find version of CDP to use for 133.0.6943.54. You may need to include a dependency on a specific version of the CDP using something similar to `org.seleniumhq.selenium:selenium-devtools-v86:4.20.0` where the version ("v86") matches the version of the chromium-based browser you're using and the version number of the artifact is the same as Selenium's.
]]></system-err>
  </testcase>
  <testcase name="signUPIntoApplication_using_Registration" classname="TestCases.TC_01_MyProtien_Login_using_BaseTest2" time="7.273">
    <system-out><![CDATA[Current thread  : 1 : , Driver --> QuitDriver: ChromeDriver: chrome on mac (1e3c80952894aa666a36d825c1269182), Date & Time : 2025-Feb-13_13-57-30
 INFO [main] (BaseTest.java:119)- Driver quit successfully for TestCase Name: Direct_Search
Current thread : 1, Driver --> startDriver : ChromeDriver: chrome on mac (66db3494fa81a0a4db4571962a352037)
TestCase Started: signUPIntoApplication_using_Registration
 INFO [main] (BaseTest.java:84)- Driver initialized for test: signUPIntoApplication_using_Registration
 INFO [main] (BasePage.java:35)- Navigating to URL Successfully : https://www.myprotein.co.in/
 INFO [main] (TC_01_MyProtien_Login_using_BaseTest2.java:42)- signUPIntoApplication_using_Registration.
]]></system-out>
    <system-err><![CDATA[[main] INFO io.github.bonigarcia.wdm.WebDriverManager - Using chromedriver 133.0.6943.98 (resolved driver for Chrome 133)
[main] INFO io.github.bonigarcia.wdm.WebDriverManager - Exporting webdriver.chrome.driver as Drivers/chromedriver/mac-arm64/133.0.6943.98/chromedriver
Feb 13, 2025 1:57:49 PM org.openqa.selenium.devtools.CdpVersionFinder findNearestMatch
WARNING: Unable to find CDP implementation matching 133
Feb 13, 2025 1:57:49 PM org.openqa.selenium.chromium.ChromiumDriver lambda$new$5
WARNING: Unable to find version of CDP to use for 133.0.6943.54. You may need to include a dependency on a specific version of the CDP using something similar to `org.seleniumhq.selenium:selenium-devtools-v86:4.20.0` where the version ("v86") matches the version of the chromium-based browser you're using and the version number of the artifact is the same as Selenium's.
]]></system-err>
  </testcase>
  <testcase name="loginIntoApplication_using_Credintails" classname="TestCases.TC_01_MyProtien_Login_using_BaseTest2" time="5.498">
    <system-out><![CDATA[Current thread  : 1 : , Driver --> QuitDriver: ChromeDriver: chrome on mac (66db3494fa81a0a4db4571962a352037), Date & Time : 2025-Feb-13_13-57-30
 INFO [main] (BaseTest.java:119)- Driver quit successfully for TestCase Name: signUPIntoApplication_using_Registration
Current thread : 1, Driver --> startDriver : ChromeDriver: chrome on mac (33fe98f27d86f582995890d43bbb0d63)
TestCase Started: loginIntoApplication_using_Credintails
 INFO [main] (BaseTest.java:84)- Driver initialized for test: loginIntoApplication_using_Credintails
 INFO [main] (BasePage.java:35)- Navigating to URL Successfully : https://www.myprotein.co.in/
 INFO [main] (TC_01_MyProtien_Login_using_BaseTest2.java:33)- loginIntoApplication_using_Credintails 
]]></system-out>
    <system-err><![CDATA[[main] INFO io.github.bonigarcia.wdm.WebDriverManager - Using chromedriver 133.0.6943.98 (resolved driver for Chrome 133)
[main] INFO io.github.bonigarcia.wdm.WebDriverManager - Exporting webdriver.chrome.driver as Drivers/chromedriver/mac-arm64/133.0.6943.98/chromedriver
Feb 13, 2025 1:57:58 PM org.openqa.selenium.devtools.CdpVersionFinder findNearestMatch
WARNING: Unable to find CDP implementation matching 133
Feb 13, 2025 1:57:58 PM org.openqa.selenium.chromium.ChromiumDriver lambda$new$5
WARNING: Unable to find version of CDP to use for 133.0.6943.54. You may need to include a dependency on a specific version of the CDP using something similar to `org.seleniumhq.selenium:selenium-devtools-v86:4.20.0` where the version ("v86") matches the version of the chromium-based browser you're using and the version number of the artifact is the same as Selenium's.
]]></system-err>
  </testcase>
  <testcase name="startDriver[null, [TestResult name={null} status=CREATED method=TC_01_MyProtien_Login_using_BaseTest.Direct_Search()[pri:0, instance:TestCases.TC_01_MyProtien_Login_using_BaseTest@6fd1660] output={null}]](0)" classname="TestCases.TC_01_MyProtien_Login_using_BaseTest" time="6.441">
    <failure message="Driver initialization failed! Browser: CHROME" type="java.lang.RuntimeException"><![CDATA[java.lang.RuntimeException: Driver initialization failed! Browser: CHROME
	at org.Base.BaseTest.startDriver(BaseTest.java:87)
	at java.base/jdk.internal.reflect.DirectMethodHandleAccessor.invoke(DirectMethodHandleAccessor.java:103)
	at java.base/java.lang.reflect.Method.invoke(Method.java:580)
	at org.testng.internal.invokers.MethodInvocationHelper.invokeMethod(MethodInvocationHelper.java:139)
	at org.testng.internal.invokers.MethodInvocationHelper.invokeMethodConsideringTimeout(MethodInvocationHelper.java:69)
	at org.testng.internal.invokers.ConfigInvoker.invokeConfigurationMethod(ConfigInvoker.java:361)
	at org.testng.internal.invokers.ConfigInvoker.invokeConfigurations(ConfigInvoker.java:296)
	at org.testng.internal.invokers.TestInvoker.runConfigMethods(TestInvoker.java:823)
	at org.testng.internal.invokers.TestInvoker.invokeMethod(TestInvoker.java:590)
	at org.testng.internal.invokers.TestInvoker.invokeTestMethod(TestInvoker.java:221)
	at org.testng.internal.invokers.MethodRunner.runInSequence(MethodRunner.java:50)
	at org.testng.internal.invokers.TestInvoker$MethodInvocationAgent.invoke(TestInvoker.java:969)
	at org.testng.internal.invokers.TestInvoker.invokeTestMethods(TestInvoker.java:194)
	at org.testng.internal.invokers.TestMethodWorker.invokeTestMethods(TestMethodWorker.java:148)
	at org.testng.internal.invokers.TestMethodWorker.run(TestMethodWorker.java:128)
	at java.base/java.util.ArrayList.forEach(ArrayList.java:1596)
	at org.testng.TestRunner.privateRun(TestRunner.java:829)
	at org.testng.TestRunner.run(TestRunner.java:602)
	at org.testng.SuiteRunner.runTest(SuiteRunner.java:437)
	at org.testng.SuiteRunner.runSequentially(SuiteRunner.java:431)
	at org.testng.SuiteRunner.privateRun(SuiteRunner.java:391)
	at org.testng.SuiteRunner.run(SuiteRunner.java:330)
	at org.testng.SuiteRunnerWorker.runSuite(SuiteRunnerWorker.java:52)
	at org.testng.SuiteRunnerWorker.run(SuiteRunnerWorker.java:95)
	at org.testng.TestNG.runSuitesSequentially(TestNG.java:1256)
	at org.testng.TestNG.runSuitesLocally(TestNG.java:1176)
	at org.testng.TestNG.runSuites(TestNG.java:1099)
	at org.testng.TestNG.run(TestNG.java:1067)
	at org.apache.maven.surefire.testng.TestNGExecutor.run(TestNGExecutor.java:308)
	at org.apache.maven.surefire.testng.TestNGXmlTestSuite.execute(TestNGXmlTestSuite.java:71)
	at org.apache.maven.surefire.testng.TestNGProvider.invoke(TestNGProvider.java:113)
	at org.apache.maven.surefire.booter.ForkedBooter.runSuitesInProcess(ForkedBooter.java:385)
	at org.apache.maven.surefire.booter.ForkedBooter.execute(ForkedBooter.java:162)
	at org.apache.maven.surefire.booter.ForkedBooter.run(ForkedBooter.java:507)
	at org.apache.maven.surefire.booter.ForkedBooter.main(ForkedBooter.java:495)
]]></failure>
    <system-out><![CDATA[Current thread  : 1 : , Driver --> QuitDriver: ChromeDriver: chrome on mac (33fe98f27d86f582995890d43bbb0d63), Date & Time : 2025-Feb-13_13-57-30
 INFO [main] (BaseTest.java:119)- Driver quit successfully for TestCase Name: loginIntoApplication_using_Credintails
Current thread : 1, Driver --> startDriver : ChromeDriver: chrome on mac (617bf9232b888bd95c1cdc329182629b)
]]></system-out>
    <system-err><![CDATA[[main] INFO io.github.bonigarcia.wdm.WebDriverManager - Using chromedriver 133.0.6943.98 (resolved driver for Chrome 133)
[main] INFO io.github.bonigarcia.wdm.WebDriverManager - Exporting webdriver.chrome.driver as Drivers/chromedriver/mac-arm64/133.0.6943.98/chromedriver
Feb 13, 2025 1:58:04 PM org.openqa.selenium.devtools.CdpVersionFinder findNearestMatch
WARNING: Unable to find CDP implementation matching 133
Feb 13, 2025 1:58:04 PM org.openqa.selenium.chromium.ChromiumDriver lambda$new$5
WARNING: Unable to find version of CDP to use for 133.0.6943.54. You may need to include a dependency on a specific version of the CDP using something similar to `org.seleniumhq.selenium:selenium-devtools-v86:4.20.0` where the version ("v86") matches the version of the chromium-based browser you're using and the version number of the artifact is the same as Selenium's.
java.lang.NullPointerException: Cannot invoke "com.aventstack.extentreports.ExtentReports.createTest(String)" because "this.report" is null
	at org.Base.BaseTest.startDriver(BaseTest.java:82)
	at java.base/jdk.internal.reflect.DirectMethodHandleAccessor.invoke(DirectMethodHandleAccessor.java:103)
	at java.base/java.lang.reflect.Method.invoke(Method.java:580)
	at org.testng.internal.invokers.MethodInvocationHelper.invokeMethod(MethodInvocationHelper.java:139)
	at org.testng.internal.invokers.MethodInvocationHelper.invokeMethodConsideringTimeout(MethodInvocationHelper.java:69)
	at org.testng.internal.invokers.ConfigInvoker.invokeConfigurationMethod(ConfigInvoker.java:361)
	at org.testng.internal.invokers.ConfigInvoker.invokeConfigurations(ConfigInvoker.java:296)
	at org.testng.internal.invokers.TestInvoker.runConfigMethods(TestInvoker.java:823)
	at org.testng.internal.invokers.TestInvoker.invokeMethod(TestInvoker.java:590)
	at org.testng.internal.invokers.TestInvoker.invokeTestMethod(TestInvoker.java:221)
	at org.testng.internal.invokers.MethodRunner.runInSequence(MethodRunner.java:50)
	at org.testng.internal.invokers.TestInvoker$MethodInvocationAgent.invoke(TestInvoker.java:969)
	at org.testng.internal.invokers.TestInvoker.invokeTestMethods(TestInvoker.java:194)
	at org.testng.internal.invokers.TestMethodWorker.invokeTestMethods(TestMethodWorker.java:148)
	at org.testng.internal.invokers.TestMethodWorker.run(TestMethodWorker.java:128)
	at java.base/java.util.ArrayList.forEach(ArrayList.java:1596)
	at org.testng.TestRunner.privateRun(TestRunner.java:829)
	at org.testng.TestRunner.run(TestRunner.java:602)
	at org.testng.SuiteRunner.runTest(SuiteRunner.java:437)
	at org.testng.SuiteRunner.runSequentially(SuiteRunner.java:431)
	at org.testng.SuiteRunner.privateRun(SuiteRunner.java:391)
	at org.testng.SuiteRunner.run(SuiteRunner.java:330)
	at org.testng.SuiteRunnerWorker.runSuite(SuiteRunnerWorker.java:52)
	at org.testng.SuiteRunnerWorker.run(SuiteRunnerWorker.java:95)
	at org.testng.TestNG.runSuitesSequentially(TestNG.java:1256)
	at org.testng.TestNG.runSuitesLocally(TestNG.java:1176)
	at org.testng.TestNG.runSuites(TestNG.java:1099)
	at org.testng.TestNG.run(TestNG.java:1067)
	at org.apache.maven.surefire.testng.TestNGExecutor.run(TestNGExecutor.java:308)
	at org.apache.maven.surefire.testng.TestNGXmlTestSuite.execute(TestNGXmlTestSuite.java:71)
	at org.apache.maven.surefire.testng.TestNGProvider.invoke(TestNGProvider.java:113)
	at org.apache.maven.surefire.booter.ForkedBooter.runSuitesInProcess(ForkedBooter.java:385)
	at org.apache.maven.surefire.booter.ForkedBooter.execute(ForkedBooter.java:162)
	at org.apache.maven.surefire.booter.ForkedBooter.run(ForkedBooter.java:507)
	at org.apache.maven.surefire.booter.ForkedBooter.main(ForkedBooter.java:495)
]]></system-err>
  </testcase>
  <testcase name="Direct_Search" classname="TestCases.TC_01_MyProtien_Login_using_BaseTest" time="0.0">
    <skipped message="Driver initialization failed! Browser: CHROME"/>
  </testcase>
  <testcase name="quitDriver" classname="TestCases.TC_01_MyProtien_Login_using_BaseTest" time="0.0">
    <skipped/>
  </testcase>
  <testcase name="quitDriver" classname="TestCases.TC_01_MyProtien_Login_using_BaseTest" time="0.0">
    <skipped/>
  </testcase>
  <testcase name="quitDriver" classname="TestCases.TC_01_MyProtien_Login_using_BaseTest" time="0.0">
    <skipped/>
  </testcase>
  <testcase name="startDriver" classname="TestCases.TC_01_MyProtien_Login_using_BaseTest" time="0.0">
    <skipped/>
  </testcase>
  <testcase name="startDriver" classname="TestCases.TC_01_MyProtien_Login_using_BaseTest" time="0.0">
    <skipped/>
  </testcase>
  <testcase name="signUPIntoApplication_using_Registration" classname="TestCases.TC_01_MyProtien_Login_using_BaseTest" time="0.0">
    <skipped message="Driver initialization failed! Browser: CHROME"/>
  </testcase>
  <testcase name="loginIntoApplication_using_Credintails" classname="TestCases.TC_01_MyProtien_Login_using_BaseTest" time="0.0">
    <skipped message="Driver initialization failed! Browser: CHROME"/>
  </testcase>
</testsuite>