<?xml version="1.0" encoding="UTF-8"?>
<testng-results ignored="0" total="3" passed="3" failed="0" skipped="0">
  <reporter-output>
  </reporter-output>
  <suite started-at="2025-02-08T14:08:59 IST" name="Default suite" finished-at="2025-02-08T14:11:19 IST" duration-ms="140785">
    <groups>
      <group name="regression">
        <method signature="TC_01_MyProtien_Login_using_BaseTest2.Direct_Search()[pri:0, instance:TestCases.TC_01_MyProtien_Login_using_BaseTest2@732c9b5c]" name="Direct_Search" class="TestCases.TC_01_MyProtien_Login_using_BaseTest2"/>
        <method signature="TC_01_MyProtien_Login_using_BaseTest2.loginIntoApplication_using_Credintails()[pri:2, instance:TestCases.TC_01_MyProtien_Login_using_BaseTest2@732c9b5c]" name="loginIntoApplication_using_Credintails" class="TestCases.TC_01_MyProtien_Login_using_BaseTest2"/>
      </group> <!-- regression -->
      <group name="smoke">
        <method signature="TC_01_MyProtien_Login_using_BaseTest2.signUPIntoApplication_using_Registration()[pri:1, instance:TestCases.TC_01_MyProtien_Login_using_BaseTest2@732c9b5c]" name="signUPIntoApplication_using_Registration" class="TestCases.TC_01_MyProtien_Login_using_BaseTest2"/>
      </group> <!-- smoke -->
    </groups>
    <test started-at="2025-02-08T14:08:59 IST" name="Default test" finished-at="2025-02-08T14:11:19 IST" duration-ms="140785">
      <class name="TestCases.TC_01_MyProtien_Login_using_BaseTest2">
        <test-method is-config="true" signature="setupSuite()[pri:0, instance:TestCases.TC_01_MyProtien_Login_using_BaseTest2@732c9b5c]" started-at="2025-02-08T14:08:58 IST" name="setupSuite" finished-at="2025-02-08T14:08:59 IST" duration-ms="559" status="PASS">
          <reporter-output>
          </reporter-output>
        </test-method> <!-- setupSuite -->
        <test-method is-config="true" signature="startDriver(java.lang.String,org.testng.ITestResult)[pri:0, instance:TestCases.TC_01_MyProtien_Login_using_BaseTest2@732c9b5c]" started-at="2025-02-08T14:08:59 IST" name="startDriver" finished-at="2025-02-08T14:09:13 IST" duration-ms="13894" status="PASS">
          <params>
            <param index="0">
              <value is-null="true"/>
            </param>
            <param index="1">
              <value>
                <![CDATA[[TestResult name={null} status=CREATED method=TC_01_MyProtien_Login_using_BaseTest2.Direct_Search()[pri:0, instance:TestCases.TC_01_MyProtien_Login_using_BaseTest2@732c9b5c] output={null}]]]>
              </value>
            </param>
          </params>
          <reporter-output>
          </reporter-output>
        </test-method> <!-- startDriver -->
        <test-method signature="Direct_Search()[pri:0, instance:TestCases.TC_01_MyProtien_Login_using_BaseTest2@732c9b5c]" started-at="2025-02-08T14:09:13 IST" name="Direct_Search" description="Direct_Search" finished-at="2025-02-08T14:09:56 IST" duration-ms="43550" status="PASS">
          <reporter-output>
          </reporter-output>
        </test-method> <!-- Direct_Search -->
        <test-method is-config="true" signature="quitDriver(java.lang.String,org.testng.ITestResult)[pri:0, instance:TestCases.TC_01_MyProtien_Login_using_BaseTest2@732c9b5c]" started-at="2025-02-08T14:09:56 IST" name="quitDriver" finished-at="2025-02-08T14:09:57 IST" duration-ms="1007" status="PASS">
          <params>
            <param index="0">
              <value is-null="true"/>
            </param>
            <param index="1">
              <value>
                <![CDATA[[TestResult name=Direct_Search status=SUCCESS method=TC_01_MyProtien_Login_using_BaseTest2.Direct_Search()[pri:0, instance:TestCases.TC_01_MyProtien_Login_using_BaseTest2@732c9b5c] output={null}]]]>
              </value>
            </param>
          </params>
          <reporter-output>
          </reporter-output>
        </test-method> <!-- quitDriver -->
        <test-method is-config="true" signature="startDriver(java.lang.String,org.testng.ITestResult)[pri:0, instance:TestCases.TC_01_MyProtien_Login_using_BaseTest2@732c9b5c]" started-at="2025-02-08T14:09:58 IST" name="startDriver" finished-at="2025-02-08T14:10:05 IST" duration-ms="7374" status="PASS">
          <params>
            <param index="0">
              <value is-null="true"/>
            </param>
            <param index="1">
              <value>
                <![CDATA[[TestResult name={null} status=CREATED method=TC_01_MyProtien_Login_using_BaseTest2.signUPIntoApplication_using_Registration()[pri:1, instance:TestCases.TC_01_MyProtien_Login_using_BaseTest2@732c9b5c] output={null}]]]>
              </value>
            </param>
          </params>
          <reporter-output>
          </reporter-output>
        </test-method> <!-- startDriver -->
        <test-method signature="signUPIntoApplication_using_Registration()[pri:1, instance:TestCases.TC_01_MyProtien_Login_using_BaseTest2@732c9b5c]" started-at="2025-02-08T14:10:05 IST" name="signUPIntoApplication_using_Registration" description="Create New User in Application" finished-at="2025-02-08T14:10:50 IST" duration-ms="45260" status="PASS">
          <reporter-output>
          </reporter-output>
        </test-method> <!-- signUPIntoApplication_using_Registration -->
        <test-method is-config="true" signature="quitDriver(java.lang.String,org.testng.ITestResult)[pri:0, instance:TestCases.TC_01_MyProtien_Login_using_BaseTest2@732c9b5c]" started-at="2025-02-08T14:10:50 IST" name="quitDriver" finished-at="2025-02-08T14:10:50 IST" duration-ms="261" status="PASS">
          <params>
            <param index="0">
              <value is-null="true"/>
            </param>
            <param index="1">
              <value>
                <![CDATA[[TestResult name=signUPIntoApplication_using_Registration status=SUCCESS method=TC_01_MyProtien_Login_using_BaseTest2.signUPIntoApplication_using_Registration()[pri:1, instance:TestCases.TC_01_MyProtien_Login_using_BaseTest2@732c9b5c] output={null}]]]>
              </value>
            </param>
          </params>
          <reporter-output>
          </reporter-output>
        </test-method> <!-- quitDriver -->
        <test-method is-config="true" signature="startDriver(java.lang.String,org.testng.ITestResult)[pri:0, instance:TestCases.TC_01_MyProtien_Login_using_BaseTest2@732c9b5c]" started-at="2025-02-08T14:10:50 IST" name="startDriver" finished-at="2025-02-08T14:10:58 IST" duration-ms="7315" status="PASS">
          <params>
            <param index="0">
              <value is-null="true"/>
            </param>
            <param index="1">
              <value>
                <![CDATA[[TestResult name={null} status=CREATED method=TC_01_MyProtien_Login_using_BaseTest2.loginIntoApplication_using_Credintails()[pri:2, instance:TestCases.TC_01_MyProtien_Login_using_BaseTest2@732c9b5c] output={null}]]]>
              </value>
            </param>
          </params>
          <reporter-output>
          </reporter-output>
        </test-method> <!-- startDriver -->
        <test-method signature="loginIntoApplication_using_Credintails()[pri:2, instance:TestCases.TC_01_MyProtien_Login_using_BaseTest2@732c9b5c]" started-at="2025-02-08T14:10:58 IST" name="loginIntoApplication_using_Credintails" description="Login with Exisitng User in Application" finished-at="2025-02-08T14:11:19 IST" duration-ms="21420" status="PASS">
          <reporter-output>
          </reporter-output>
        </test-method> <!-- loginIntoApplication_using_Credintails -->
        <test-method is-config="true" signature="quitDriver(java.lang.String,org.testng.ITestResult)[pri:0, instance:TestCases.TC_01_MyProtien_Login_using_BaseTest2@732c9b5c]" started-at="2025-02-08T14:11:19 IST" name="quitDriver" finished-at="2025-02-08T14:11:19 IST" duration-ms="196" status="PASS">
          <params>
            <param index="0">
              <value is-null="true"/>
            </param>
            <param index="1">
              <value>
                <![CDATA[[TestResult name=loginIntoApplication_using_Credintails status=SUCCESS method=TC_01_MyProtien_Login_using_BaseTest2.loginIntoApplication_using_Credintails()[pri:2, instance:TestCases.TC_01_MyProtien_Login_using_BaseTest2@732c9b5c] output={null}]]]>
              </value>
            </param>
          </params>
          <reporter-output>
          </reporter-output>
        </test-method> <!-- quitDriver -->
        <test-method is-config="true" signature="openHtmlReport()[pri:0, instance:TestCases.TC_01_MyProtien_Login_using_BaseTest2@732c9b5c]" started-at="2025-02-08T14:11:19 IST" name="openHtmlReport" finished-at="2025-02-08T14:11:20 IST" duration-ms="746" status="PASS">
          <reporter-output>
          </reporter-output>
        </test-method> <!-- openHtmlReport -->
      </class> <!-- TestCases.TC_01_MyProtien_Login_using_BaseTest2 -->
    </test> <!-- Default test -->
  </suite> <!-- Default suite -->
</testng-results>
