<?xml version="1.0" encoding="UTF-8"?>
<!-- Generated by org.testng.reporters.JUnitXMLReporter -->
<testsuite ignored="2" hostname="MacbookAir" failures="0" tests="6" name="FirefoxTests" time="25.324" errors="0" timestamp="2025-02-14T16:05:45 IST">
  <testcase classname="TestCases.TC_03_MyProtien_validation_repeat_BaseTest" name="TC_03_signUPIntoApplication_using_Registration" time="15.974"/>
  <testcase classname="TestCases.TC_03_MyProtien_validation_repeat_BaseTest" name="TC_03_loginIntoApplication_using_Credintails" time="16.699"/>
  <testcase classname="TestCases.TC_02_MyProtien_validation_BaseTest" name="TC_02_signUPIntoApplication_using_Registration" time="20.932"/>
  <testcase classname="TestCases.TC_02_MyProtien_validation_BaseTest" name="TC_02_loginIntoApplication_using_Credintails" time="21.891"/>
  <testcase classname="TestCases.TC_03_MyProtien_validation_repeat_BaseTest" name="TC_03_Direct_Search" time="19.529"/>
  <testcase classname="TestCases.TC_02_MyProtien_validation_BaseTest" name="TC_02_Direct_Search" time="21.249"/>
  <testcase classname="org.Base.BaseTest" name="@AfterSuite openHtmlReport" time="0.0">
    <ignored/>
  </testcase> <!-- @AfterSuite openHtmlReport -->
  <testcase classname="org.Base.BaseTest" name="@BeforeSuite setupSuite" time="0.0">
    <ignored/>
  </testcase> <!-- @BeforeSuite setupSuite -->
</testsuite> <!-- FirefoxTests -->
